{
"contracts\\ERC20Mock.sol":{"l":{"14":0,"21":0,"28":0},"path":"C:\\Users\\Estudiante\\MiProyecto\\simple-swap-project\\contracts\\ERC20Mock.sol","s":{"1":0,"2":0,"3":0},"b":{},"f":{"1":0,"2":0,"3":0},"fnMap":{"1":{"name":"constructor","line":12,"loc":{"start":{"line":11,"column":4},"end":{"line":15,"column":4}}},"2":{"name":"mint","line":20,"loc":{"start":{"line":20,"column":4},"end":{"line":22,"column":4}}},"3":{"name":"burn","line":27,"loc":{"start":{"line":27,"column":4},"end":{"line":29,"column":4}}}},"statementMap":{"1":{"start":{"line":14,"column":8},"end":{"line":14,"column":39}},"2":{"start":{"line":21,"column":8},"end":{"line":21,"column":24}},"3":{"start":{"line":28,"column":8},"end":{"line":28,"column":26}}},"branchMap":{}},
"contracts\\Lock.sol":{"l":{"14":0,"19":0,"20":0,"27":0,"28":0,"30":0,"32":0},"path":"C:\\Users\\Estudiante\\MiProyecto\\simple-swap-project\\contracts\\Lock.sol","s":{"1":0,"2":0,"3":0,"4":0,"5":0},"b":{"1":[0,0],"2":[0,0],"3":[0,0]},"f":{"1":0,"2":0},"fnMap":{"1":{"name":"constructor","line":13,"loc":{"start":{"line":13,"column":4},"end":{"line":21,"column":4}}},"2":{"name":"withdraw","line":23,"loc":{"start":{"line":23,"column":4},"end":{"line":33,"column":4}}}},"statementMap":{"1":{"start":{"line":14,"column":8},"end":{"line":14,"column":328}},"2":{"start":{"line":27,"column":8},"end":{"line":27,"column":71}},"3":{"start":{"line":28,"column":8},"end":{"line":28,"column":59}},"4":{"start":{"line":30,"column":8},"end":{"line":30,"column":63}},"5":{"start":{"line":32,"column":8},"end":{"line":32,"column":44}}},"branchMap":{"1":{"line":14,"type":"if","locations":[{"start":{"line":14,"column":8},"end":{"line":14,"column":8}},{"start":{"line":14,"column":8},"end":{"line":14,"column":8}}]},"2":{"line":27,"type":"if","locations":[{"start":{"line":27,"column":8},"end":{"line":27,"column":8}},{"start":{"line":27,"column":8},"end":{"line":27,"column":8}}]},"3":{"line":28,"type":"if","locations":[{"start":{"line":28,"column":8},"end":{"line":28,"column":8}},{"start":{"line":28,"column":8},"end":{"line":28,"column":8}}]}}},
"contracts\\SimpleSwap.sol":{"l":{"87":0,"88":0,"89":0,"90":0,"118":0,"119":0,"121":0,"123":0,"124":0,"125":0,"128":0,"129":0,"130":0,"131":0,"132":0,"134":0,"135":0,"136":0,"137":0,"142":0,"143":0,"146":0,"147":0,"149":0,"153":0,"154":0,"155":0,"156":0,"158":0,"183":0,"184":0,"185":0,"188":0,"189":0,"190":0,"191":0,"194":0,"195":0,"196":0,"197":0,"200":0,"201":0,"203":0,"222":0,"223":0,"224":0,"226":0,"227":0,"230":0,"233":0,"234":0,"237":0,"239":0,"250":0,"251":0,"252":0,"264":0,"265":0,"266":0,"267":0,"268":0,"269":0,"270":0},"path":"C:\\Users\\Estudiante\\MiProyecto\\simple-swap-project\\contracts\\SimpleSwap.sol","s":{"1":0,"2":0,"3":0,"4":0,"5":0,"6":0,"7":0,"8":0,"9":0,"10":0,"11":0,"12":0,"13":0,"14":0,"15":0,"16":0,"17":0,"18":0,"19":0,"20":0,"21":0,"22":0,"23":0,"24":0,"25":0,"26":0,"27":0,"28":0,"29":0,"30":0,"31":0,"32":0,"33":0,"34":0,"35":0,"36":0,"37":0,"38":0,"39":0},"b":{"1":[0,0],"2":[0,0],"3":[0,0],"4":[0,0],"5":[0,0],"6":[0,0],"7":[0,0],"8":[0,0],"9":[0,0],"10":[0,0],"11":[0,0],"12":[0,0],"13":[0,0],"14":[0,0],"15":[0,0],"16":[0,0],"17":[0,0],"18":[0,0],"19":[0,0],"20":[0,0],"21":[0,0],"22":[0,0],"23":[0,0],"24":[0,0],"25":[0,0],"26":[0,0],"27":[0,0],"28":[0,0],"29":[0,0],"30":[0,0]},"f":{"1":0,"2":0,"3":0,"4":0,"5":0,"6":0},"fnMap":{"1":{"name":"constructor","line":86,"loc":{"start":{"line":86,"column":4},"end":{"line":91,"column":4}}},"2":{"name":"addLiquidity","line":108,"loc":{"start":{"line":108,"column":4},"end":{"line":159,"column":4}}},"3":{"name":"removeLiquidity","line":174,"loc":{"start":{"line":174,"column":4},"end":{"line":204,"column":4}}},"4":{"name":"swapExactTokensForTokens","line":215,"loc":{"start":{"line":215,"column":4},"end":{"line":240,"column":4}}},"5":{"name":"getPrice","line":249,"loc":{"start":{"line":249,"column":4},"end":{"line":253,"column":4}}},"6":{"name":"getAmountOut","line":263,"loc":{"start":{"line":263,"column":4},"end":{"line":271,"column":4}}}},"statementMap":{"1":{"start":{"line":87,"column":8},"end":{"line":87,"column":87}},"2":{"start":{"line":88,"column":8},"end":{"line":88,"column":62}},"3":{"start":{"line":118,"column":8},"end":{"line":118,"column":54}},"4":{"start":{"line":119,"column":8},"end":{"line":119,"column":103}},"5":{"start":{"line":121,"column":8},"end":{"line":121,"column":4829}},"6":{"start":{"line":123,"column":12},"end":{"line":123,"column":98}},"7":{"start":{"line":128,"column":12},"end":{"line":128,"column":75}},"8":{"start":{"line":129,"column":12},"end":{"line":129,"column":5261}},"9":{"start":{"line":130,"column":16},"end":{"line":130,"column":77}},"10":{"start":{"line":134,"column":16},"end":{"line":134,"column":79}},"11":{"start":{"line":135,"column":16},"end":{"line":135,"column":77}},"12":{"start":{"line":142,"column":8},"end":{"line":142,"column":100}},"13":{"start":{"line":143,"column":8},"end":{"line":143,"column":100}},"14":{"start":{"line":146,"column":8},"end":{"line":146,"column":6066}},"15":{"start":{"line":158,"column":8},"end":{"line":158,"column":66}},"16":{"start":{"line":183,"column":8},"end":{"line":183,"column":54}},"17":{"start":{"line":184,"column":8},"end":{"line":184,"column":82}},"18":{"start":{"line":185,"column":8},"end":{"line":185,"column":72}},"19":{"start":{"line":190,"column":8},"end":{"line":190,"column":62}},"20":{"start":{"line":191,"column":8},"end":{"line":191,"column":62}},"21":{"start":{"line":200,"column":8},"end":{"line":200,"column":73}},"22":{"start":{"line":201,"column":8},"end":{"line":201,"column":73}},"23":{"start":{"line":203,"column":8},"end":{"line":203,"column":51}},"24":{"start":{"line":222,"column":8},"end":{"line":222,"column":54}},"25":{"start":{"line":223,"column":8},"end":{"line":223,"column":55}},"26":{"start":{"line":224,"column":8},"end":{"line":224,"column":76}},"27":{"start":{"line":226,"column":8},"end":{"line":226,"column":70}},"28":{"start":{"line":227,"column":8},"end":{"line":227,"column":71}},"29":{"start":{"line":230,"column":8},"end":{"line":230,"column":101}},"30":{"start":{"line":237,"column":8},"end":{"line":237,"column":75}},"31":{"start":{"line":239,"column":8},"end":{"line":239,"column":50}},"32":{"start":{"line":250,"column":8},"end":{"line":250,"column":76}},"33":{"start":{"line":251,"column":8},"end":{"line":251,"column":70}},"34":{"start":{"line":264,"column":8},"end":{"line":264,"column":58}},"35":{"start":{"line":265,"column":8},"end":{"line":265,"column":73}},"36":{"start":{"line":266,"column":8},"end":{"line":266,"column":42}},"37":{"start":{"line":267,"column":8},"end":{"line":267,"column":56}},"38":{"start":{"line":268,"column":8},"end":{"line":268,"column":57}},"39":{"start":{"line":270,"column":8},"end":{"line":270,"column":60}}},"branchMap":{"1":{"line":87,"type":"if","locations":[{"start":{"line":87,"column":8},"end":{"line":87,"column":8}},{"start":{"line":87,"column":8},"end":{"line":87,"column":8}}]},"2":{"line":88,"type":"if","locations":[{"start":{"line":88,"column":8},"end":{"line":88,"column":8}},{"start":{"line":88,"column":8},"end":{"line":88,"column":8}}]},"3":{"line":118,"type":"if","locations":[{"start":{"line":118,"column":8},"end":{"line":118,"column":8}},{"start":{"line":118,"column":8},"end":{"line":118,"column":8}}]},"4":{"line":119,"type":"if","locations":[{"start":{"line":119,"column":8},"end":{"line":119,"column":8}},{"start":{"line":119,"column":8},"end":{"line":119,"column":8}}]},"5":{"line":121,"type":"if","locations":[{"start":{"line":121,"column":8},"end":{"line":121,"column":8}},{"start":{"line":121,"column":8},"end":{"line":121,"column":8}}]},"6":{"line":123,"type":"if","locations":[{"start":{"line":123,"column":12},"end":{"line":123,"column":12}},{"start":{"line":123,"column":12},"end":{"line":123,"column":12}}]},"7":{"line":129,"type":"if","locations":[{"start":{"line":129,"column":12},"end":{"line":129,"column":12}},{"start":{"line":129,"column":12},"end":{"line":129,"column":12}}]},"8":{"line":130,"type":"if","locations":[{"start":{"line":130,"column":16},"end":{"line":130,"column":16}},{"start":{"line":130,"column":16},"end":{"line":130,"column":16}}]},"9":{"line":135,"type":"if","locations":[{"start":{"line":135,"column":16},"end":{"line":135,"column":16}},{"start":{"line":135,"column":16},"end":{"line":135,"column":16}}]},"10":{"line":142,"type":"if","locations":[{"start":{"line":142,"column":8},"end":{"line":142,"column":8}},{"start":{"line":142,"column":8},"end":{"line":142,"column":8}}]},"11":{"line":143,"type":"if","locations":[{"start":{"line":143,"column":8},"end":{"line":143,"column":8}},{"start":{"line":143,"column":8},"end":{"line":143,"column":8}}]},"12":{"line":146,"type":"if","locations":[{"start":{"line":146,"column":8},"end":{"line":146,"column":8}},{"start":{"line":146,"column":8},"end":{"line":146,"column":8}}]},"13":{"line":183,"type":"if","locations":[{"start":{"line":183,"column":8},"end":{"line":183,"column":8}},{"start":{"line":183,"column":8},"end":{"line":183,"column":8}}]},"14":{"line":184,"type":"if","locations":[{"start":{"line":184,"column":8},"end":{"line":184,"column":8}},{"start":{"line":184,"column":8},"end":{"line":184,"column":8}}]},"15":{"line":185,"type":"if","locations":[{"start":{"line":185,"column":8},"end":{"line":185,"column":8}},{"start":{"line":185,"column":8},"end":{"line":185,"column":8}}]},"16":{"line":190,"type":"if","locations":[{"start":{"line":190,"column":8},"end":{"line":190,"column":8}},{"start":{"line":190,"column":8},"end":{"line":190,"column":8}}]},"17":{"line":191,"type":"if","locations":[{"start":{"line":191,"column":8},"end":{"line":191,"column":8}},{"start":{"line":191,"column":8},"end":{"line":191,"column":8}}]},"18":{"line":200,"type":"if","locations":[{"start":{"line":200,"column":8},"end":{"line":200,"column":8}},{"start":{"line":200,"column":8},"end":{"line":200,"column":8}}]},"19":{"line":201,"type":"if","locations":[{"start":{"line":201,"column":8},"end":{"line":201,"column":8}},{"start":{"line":201,"column":8},"end":{"line":201,"column":8}}]},"20":{"line":222,"type":"if","locations":[{"start":{"line":222,"column":8},"end":{"line":222,"column":8}},{"start":{"line":222,"column":8},"end":{"line":222,"column":8}}]},"21":{"line":223,"type":"if","locations":[{"start":{"line":223,"column":8},"end":{"line":223,"column":8}},{"start":{"line":223,"column":8},"end":{"line":223,"column":8}}]},"22":{"line":224,"type":"if","locations":[{"start":{"line":224,"column":8},"end":{"line":224,"column":8}},{"start":{"line":224,"column":8},"end":{"line":224,"column":8}}]},"23":{"line":227,"type":"if","locations":[{"start":{"line":227,"column":8},"end":{"line":227,"column":8}},{"start":{"line":227,"column":8},"end":{"line":227,"column":8}}]},"24":{"line":230,"type":"if","locations":[{"start":{"line":230,"column":8},"end":{"line":230,"column":8}},{"start":{"line":230,"column":8},"end":{"line":230,"column":8}}]},"25":{"line":237,"type":"if","locations":[{"start":{"line":237,"column":8},"end":{"line":237,"column":8}},{"start":{"line":237,"column":8},"end":{"line":237,"column":8}}]},"26":{"line":250,"type":"if","locations":[{"start":{"line":250,"column":8},"end":{"line":250,"column":8}},{"start":{"line":250,"column":8},"end":{"line":250,"column":8}}]},"27":{"line":251,"type":"if","locations":[{"start":{"line":251,"column":8},"end":{"line":251,"column":8}},{"start":{"line":251,"column":8},"end":{"line":251,"column":8}}]},"28":{"line":264,"type":"if","locations":[{"start":{"line":264,"column":8},"end":{"line":264,"column":8}},{"start":{"line":264,"column":8},"end":{"line":264,"column":8}}]},"29":{"line":265,"type":"if","locations":[{"start":{"line":265,"column":8},"end":{"line":265,"column":8}},{"start":{"line":265,"column":8},"end":{"line":265,"column":8}}]},"30":{"line":270,"type":"if","locations":[{"start":{"line":270,"column":8},"end":{"line":270,"column":8}},{"start":{"line":270,"column":8},"end":{"line":270,"column":8}}]}}}}
