TN:
SF:C:\Users\Estudiante\MiProyecto\simple-swap-project\contracts\ERC20Mock.sol
FN:12,constructor
FN:20,mint
FN:27,burn
FNF:3
FNH:0
FNDA:0,constructor
FNDA:0,mint
FNDA:0,burn
DA:14,0
DA:21,0
DA:28,0
LF:3
LH:0
BRF:0
BRH:0
end_of_record
TN:
SF:C:\Users\Estudiante\MiProyecto\simple-swap-project\contracts\Lock.sol
FN:13,constructor
FN:23,withdraw
FNF:2
FNH:0
FNDA:0,constructor
FNDA:0,withdraw
DA:14,0
DA:19,0
DA:20,0
DA:27,0
DA:28,0
DA:30,0
DA:32,0
LF:7
LH:0
BRDA:14,1,0,0
BRDA:14,1,1,0
BRDA:27,2,0,0
BRDA:27,2,1,0
BRDA:28,3,0,0
BRDA:28,3,1,0
BRF:6
BRH:0
end_of_record
TN:
SF:C:\Users\Estudiante\MiProyecto\simple-swap-project\contracts\SimpleSwap.sol
FN:86,constructor
FN:108,addLiquidity
FN:174,removeLiquidity
FN:215,swapExactTokensForTokens
FN:249,getPrice
FN:263,getAmountOut
FNF:6
FNH:0
FNDA:0,constructor
FNDA:0,addLiquidity
FNDA:0,removeLiquidity
FNDA:0,swapExactTokensForTokens
FNDA:0,getPrice
FNDA:0,getAmountOut
DA:87,0
DA:88,0
DA:89,0
DA:90,0
DA:118,0
DA:119,0
DA:121,0
DA:123,0
DA:124,0
DA:125,0
DA:128,0
DA:129,0
DA:130,0
DA:131,0
DA:132,0
DA:134,0
DA:135,0
DA:136,0
DA:137,0
DA:142,0
DA:143,0
DA:146,0
DA:147,0
DA:149,0
DA:153,0
DA:154,0
DA:155,0
DA:156,0
DA:158,0
DA:183,0
DA:184,0
DA:185,0
DA:188,0
DA:189,0
DA:190,0
DA:191,0
DA:194,0
DA:195,0
DA:196,0
DA:197,0
DA:200,0
DA:201,0
DA:203,0
DA:222,0
DA:223,0
DA:224,0
DA:226,0
DA:227,0
DA:230,0
DA:233,0
DA:234,0
DA:237,0
DA:239,0
DA:250,0
DA:251,0
DA:252,0
DA:264,0
DA:265,0
DA:266,0
DA:267,0
DA:268,0
DA:269,0
DA:270,0
LF:63
LH:0
BRDA:87,1,0,0
BRDA:87,1,1,0
BRDA:88,2,0,0
BRDA:88,2,1,0
BRDA:118,3,0,0
BRDA:118,3,1,0
BRDA:119,4,0,0
BRDA:119,4,1,0
BRDA:121,5,0,0
BRDA:121,5,1,0
BRDA:123,6,0,0
BRDA:123,6,1,0
BRDA:129,7,0,0
BRDA:129,7,1,0
BRDA:130,8,0,0
BRDA:130,8,1,0
BRDA:135,9,0,0
BRDA:135,9,1,0
BRDA:142,10,0,0
BRDA:142,10,1,0
BRDA:143,11,0,0
BRDA:143,11,1,0
BRDA:146,12,0,0
BRDA:146,12,1,0
BRDA:183,13,0,0
BRDA:183,13,1,0
BRDA:184,14,0,0
BRDA:184,14,1,0
BRDA:185,15,0,0
BRDA:185,15,1,0
BRDA:190,16,0,0
BRDA:190,16,1,0
BRDA:191,17,0,0
BRDA:191,17,1,0
BRDA:200,18,0,0
BRDA:200,18,1,0
BRDA:201,19,0,0
BRDA:201,19,1,0
BRDA:222,20,0,0
BRDA:222,20,1,0
BRDA:223,21,0,0
BRDA:223,21,1,0
BRDA:224,22,0,0
BRDA:224,22,1,0
BRDA:227,23,0,0
BRDA:227,23,1,0
BRDA:230,24,0,0
BRDA:230,24,1,0
BRDA:237,25,0,0
BRDA:237,25,1,0
BRDA:250,26,0,0
BRDA:250,26,1,0
BRDA:251,27,0,0
BRDA:251,27,1,0
BRDA:264,28,0,0
BRDA:264,28,1,0
BRDA:265,29,0,0
BRDA:265,29,1,0
BRDA:270,30,0,0
BRDA:270,30,1,0
BRF:60
BRH:0
end_of_record
